<?xml version="1.0" encoding="UTF-8"?>
<testng-results skipped="0" failed="0" ignored="0" total="1" passed="1">
  <reporter-output>
  </reporter-output>
  <suite name="Default suite" duration-ms="22622" started-at="2018-07-16T22:28:34Z" finished-at="2018-07-16T22:28:57Z">
    <groups>
    </groups>
    <test name="Default test" duration-ms="22622" started-at="2018-07-16T22:28:34Z" finished-at="2018-07-16T22:28:57Z">
      <class name="tests.LoginModule">
        <test-method status="PASS" signature="beforeClass()[pri:0, instance:tests.LoginModule@289d1c02]" name="beforeClass" is-config="true" duration-ms="4451" started-at="2018-07-16T22:28:34Z" finished-at="2018-07-16T22:28:38Z">
          <reporter-output>
          </reporter-output>
        </test-method> <!-- beforeClass -->
        <test-method status="PASS" signature="signUp()[pri:0, instance:tests.LoginModule@289d1c02]" name="signUp" duration-ms="17938" started-at="2018-07-16T22:28:38Z" finished-at="2018-07-16T22:28:56Z">
          <reporter-output>
          </reporter-output>
        </test-method> <!-- signUp -->
        <test-method status="PASS" signature="afterClass()[pri:0, instance:tests.LoginModule@289d1c02]" name="afterClass" is-config="true" duration-ms="187" started-at="2018-07-16T22:28:56Z" finished-at="2018-07-16T22:28:57Z">
          <reporter-output>
          </reporter-output>
        </test-method> <!-- afterClass -->
      </class> <!-- tests.LoginModule -->
    </test> <!-- Default test -->
  </suite> <!-- Default suite -->
</testng-results>
